Arguments: 
  /usr/local/bin/node /usr/local/bin/yarn update-stories

PATH: 
  /Volumes/External/XOOLIT/xoolit-story/node_modules/.bin:/Volumes/External/XOOLIT/node_modules/.bin:/Volumes/External/node_modules/.bin:/Volumes/node_modules/.bin:/node_modules/.bin:/usr/local/lib/node_modules/npm/node_modules/@npmcli/run-script/lib/node-gyp-bin:/Library/Frameworks/Python.framework/Versions/3.10/bin:/usr/local/bin:/usr/bin:/bin:/usr/sbin:/sbin:/Library/Apple/usr/bin

Yarn version: 
  1.22.19

Node version: 
  16.16.0

Platform: 
  darwin x64

Trace: 
  Error: EACCES: permission denied, open '/Users/udaykumar/.npmrc'

npm manifest: 
  {
    "name": "xoolit-story",
    "version": "1.0.0",
    "main": "node_modules/expo/AppEntry.js",
    "license": "MIT",
    "scripts": {
      "start": "expo start",
      "android": "expo start --android",
      "ios": "expo start --ios",
      "web": "expo start --web",
      "eject": "expo eject",
      "update-stories": "sb-rn-get-stories --config-path .ondevice",
      "prestart": "yarn update-stories",
      "storybook-watcher": "sb-rn-watcher --config-path .ondevice",
      "storybook": "start-storybook -p 6006",
      "build-storybook": "build-storybook"
    },
    "dependencies": {
      "@react-native-async-storage/async-storage": "~1.17.3",
      "@react-native-community/datetimepicker": "6.2.0",
      "@react-native-community/slider": "4.2.3",
      "expo": "^46.0.0",
      "expo-status-bar": "~1.4.0",
      "react": "18.0.0",
      "react-dom": "18.0.0",
      "react-native": "0.69.3",
      "react-native-web": "~0.18.7",
      "@expo/webpack-config": "^0.17.0"
    },
    "devDependencies": {
      "@babel/core": "^7.18.6",
      "@storybook/addon-actions": "~6.3",
      "@storybook/addon-controls": "~6.3",
      "@storybook/addon-essentials": "~6.3",
      "@storybook/addon-links": "~6.3",
      "@storybook/addon-ondevice-actions": "next",
      "@storybook/addon-ondevice-backgrounds": "next",
      "@storybook/addon-ondevice-controls": "next",
      "@storybook/addon-ondevice-notes": "next",
      "@storybook/addon-react-native-web": "^0.0.18",
      "@storybook/react": "~6.3",
      "@storybook/react-native": "next",
      "@types/react": "~18.0.0",
      "@types/react-native": "~0.69.1",
      "babel-loader": "^8.2.3",
      "babel-plugin-react-native-web": "~0.18.7",
      "typescript": "^4.6.3"
    },
    "private": true
  }

yarn manifest: 
  No manifest

Lockfile: 
  No lockfile
